<?xml version="1.0" encoding="UTF-8"?>
<!-- Generated by org.testng.reporters.JUnitReportReporter -->
<testsuite hostname="DESKTOP-AAMUD61" failures="0" tests="1" name="Playwright_series.handle_react_elements" time="19.519" errors="0" timestamp="2023-11-22T14:02:30 PKT" skipped="0">
  <testcase classname="Playwright_series.handle_react_elements" name="handle_react_locator" time="19.519"/>
  <system-out/>
</testsuite> <!-- Playwright_series.handle_react_elements -->
